Copyright 1986-2017 Xilinx, Inc. All Rights Reserved.
--------------------------------------------------------------------------------------------------------------------------------------------------------------------------------------
| Tool Version : Vivado v.2017.4 (win64) Build 2086221 Fri Dec 15 20:55:39 MST 2017
| Date         : Thu Dec 19 16:52:56 2019
| Host         : DESKTOP-4JFA5FP running 64-bit major release  (build 9200)
| Command      : report_methodology -file design_1_wrapper_methodology_drc_routed.rpt -pb design_1_wrapper_methodology_drc_routed.pb -rpx design_1_wrapper_methodology_drc_routed.rpx
| Design       : design_1_wrapper
| Device       : xc7z020clg400-1
| Speed File   : -1
| Design State : Routed
--------------------------------------------------------------------------------------------------------------------------------------------------------------------------------------

Report Methodology

Table of Contents
-----------------
1. REPORT SUMMARY
2. REPORT DETAILS

1. REPORT SUMMARY
-----------------
            Netlist: netlist
          Floorplan: design_1
      Design limits: <entire design considered>
             Max violations: <unlimited>
             Violations found: 106
+-----------+----------+-----------------------------+------------+
| Rule      | Severity | Description                 | Violations |
+-----------+----------+-----------------------------+------------+
| TIMING-17 | Warning  | Non-clocked sequential cell | 100        |
| TIMING-20 | Warning  | Non-clocked latch           | 6          |
+-----------+----------+-----------------------------+------------+

2. REPORT DETAILS
-----------------
TIMING-17#1 Warning
Non-clocked sequential cell  
The clock pin design_1_i/single_cycle_cpu_0/inst__0/pc_reg0/ce_reg/C is not reached by a timing clock
Related violations: <none>

TIMING-17#2 Warning
Non-clocked sequential cell  
The clock pin design_1_i/single_cycle_cpu_0/inst__0/pc_reg0/cur_pc_reg[10]/C is not reached by a timing clock
Related violations: <none>

TIMING-17#3 Warning
Non-clocked sequential cell  
The clock pin design_1_i/single_cycle_cpu_0/inst__0/pc_reg0/cur_pc_reg[11]/C is not reached by a timing clock
Related violations: <none>

TIMING-17#4 Warning
Non-clocked sequential cell  
The clock pin design_1_i/single_cycle_cpu_0/inst__0/pc_reg0/cur_pc_reg[12]/C is not reached by a timing clock
Related violations: <none>

TIMING-17#5 Warning
Non-clocked sequential cell  
The clock pin design_1_i/single_cycle_cpu_0/inst__0/pc_reg0/cur_pc_reg[13]/C is not reached by a timing clock
Related violations: <none>

TIMING-17#6 Warning
Non-clocked sequential cell  
The clock pin design_1_i/single_cycle_cpu_0/inst__0/pc_reg0/cur_pc_reg[14]/C is not reached by a timing clock
Related violations: <none>

TIMING-17#7 Warning
Non-clocked sequential cell  
The clock pin design_1_i/single_cycle_cpu_0/inst__0/pc_reg0/cur_pc_reg[15]/C is not reached by a timing clock
Related violations: <none>

TIMING-17#8 Warning
Non-clocked sequential cell  
The clock pin design_1_i/single_cycle_cpu_0/inst__0/pc_reg0/cur_pc_reg[16]/C is not reached by a timing clock
Related violations: <none>

TIMING-17#9 Warning
Non-clocked sequential cell  
The clock pin design_1_i/single_cycle_cpu_0/inst__0/pc_reg0/cur_pc_reg[17]/C is not reached by a timing clock
Related violations: <none>

TIMING-17#10 Warning
Non-clocked sequential cell  
The clock pin design_1_i/single_cycle_cpu_0/inst__0/pc_reg0/cur_pc_reg[18]/C is not reached by a timing clock
Related violations: <none>

TIMING-17#11 Warning
Non-clocked sequential cell  
The clock pin design_1_i/single_cycle_cpu_0/inst__0/pc_reg0/cur_pc_reg[19]/C is not reached by a timing clock
Related violations: <none>

TIMING-17#12 Warning
Non-clocked sequential cell  
The clock pin design_1_i/single_cycle_cpu_0/inst__0/pc_reg0/cur_pc_reg[1]/C is not reached by a timing clock
Related violations: <none>

TIMING-17#13 Warning
Non-clocked sequential cell  
The clock pin design_1_i/single_cycle_cpu_0/inst__0/pc_reg0/cur_pc_reg[20]/C is not reached by a timing clock
Related violations: <none>

TIMING-17#14 Warning
Non-clocked sequential cell  
The clock pin design_1_i/single_cycle_cpu_0/inst__0/pc_reg0/cur_pc_reg[21]/C is not reached by a timing clock
Related violations: <none>

TIMING-17#15 Warning
Non-clocked sequential cell  
The clock pin design_1_i/single_cycle_cpu_0/inst__0/pc_reg0/cur_pc_reg[22]/C is not reached by a timing clock
Related violations: <none>

TIMING-17#16 Warning
Non-clocked sequential cell  
The clock pin design_1_i/single_cycle_cpu_0/inst__0/pc_reg0/cur_pc_reg[23]/C is not reached by a timing clock
Related violations: <none>

TIMING-17#17 Warning
Non-clocked sequential cell  
The clock pin design_1_i/single_cycle_cpu_0/inst__0/pc_reg0/cur_pc_reg[24]/C is not reached by a timing clock
Related violations: <none>

TIMING-17#18 Warning
Non-clocked sequential cell  
The clock pin design_1_i/single_cycle_cpu_0/inst__0/pc_reg0/cur_pc_reg[25]/C is not reached by a timing clock
Related violations: <none>

TIMING-17#19 Warning
Non-clocked sequential cell  
The clock pin design_1_i/single_cycle_cpu_0/inst__0/pc_reg0/cur_pc_reg[26]/C is not reached by a timing clock
Related violations: <none>

TIMING-17#20 Warning
Non-clocked sequential cell  
The clock pin design_1_i/single_cycle_cpu_0/inst__0/pc_reg0/cur_pc_reg[27]/C is not reached by a timing clock
Related violations: <none>

TIMING-17#21 Warning
Non-clocked sequential cell  
The clock pin design_1_i/single_cycle_cpu_0/inst__0/pc_reg0/cur_pc_reg[28]/C is not reached by a timing clock
Related violations: <none>

TIMING-17#22 Warning
Non-clocked sequential cell  
The clock pin design_1_i/single_cycle_cpu_0/inst__0/pc_reg0/cur_pc_reg[29]/C is not reached by a timing clock
Related violations: <none>

TIMING-17#23 Warning
Non-clocked sequential cell  
The clock pin design_1_i/single_cycle_cpu_0/inst__0/pc_reg0/cur_pc_reg[2]/C is not reached by a timing clock
Related violations: <none>

TIMING-17#24 Warning
Non-clocked sequential cell  
The clock pin design_1_i/single_cycle_cpu_0/inst__0/pc_reg0/cur_pc_reg[30]/C is not reached by a timing clock
Related violations: <none>

TIMING-17#25 Warning
Non-clocked sequential cell  
The clock pin design_1_i/single_cycle_cpu_0/inst__0/pc_reg0/cur_pc_reg[31]/C is not reached by a timing clock
Related violations: <none>

TIMING-17#26 Warning
Non-clocked sequential cell  
The clock pin design_1_i/single_cycle_cpu_0/inst__0/pc_reg0/cur_pc_reg[3]/C is not reached by a timing clock
Related violations: <none>

TIMING-17#27 Warning
Non-clocked sequential cell  
The clock pin design_1_i/single_cycle_cpu_0/inst__0/pc_reg0/cur_pc_reg[4]/C is not reached by a timing clock
Related violations: <none>

TIMING-17#28 Warning
Non-clocked sequential cell  
The clock pin design_1_i/single_cycle_cpu_0/inst__0/pc_reg0/cur_pc_reg[5]/C is not reached by a timing clock
Related violations: <none>

TIMING-17#29 Warning
Non-clocked sequential cell  
The clock pin design_1_i/single_cycle_cpu_0/inst__0/pc_reg0/cur_pc_reg[6]/C is not reached by a timing clock
Related violations: <none>

TIMING-17#30 Warning
Non-clocked sequential cell  
The clock pin design_1_i/single_cycle_cpu_0/inst__0/pc_reg0/cur_pc_reg[7]/C is not reached by a timing clock
Related violations: <none>

TIMING-17#31 Warning
Non-clocked sequential cell  
The clock pin design_1_i/single_cycle_cpu_0/inst__0/pc_reg0/cur_pc_reg[8]/C is not reached by a timing clock
Related violations: <none>

TIMING-17#32 Warning
Non-clocked sequential cell  
The clock pin design_1_i/single_cycle_cpu_0/inst__0/pc_reg0/cur_pc_reg[9]/C is not reached by a timing clock
Related violations: <none>

TIMING-17#33 Warning
Non-clocked sequential cell  
The clock pin design_1_i/single_cycle_cpu_0/inst__0/reg_file0/mem_r_reg[1][0]_C/C is not reached by a timing clock
Related violations: <none>

TIMING-17#34 Warning
Non-clocked sequential cell  
The clock pin design_1_i/single_cycle_cpu_0/inst__0/reg_file0/mem_r_reg[1][0]_P/C is not reached by a timing clock
Related violations: <none>

TIMING-17#35 Warning
Non-clocked sequential cell  
The clock pin design_1_i/single_cycle_cpu_0/inst__0/reg_file0/mem_r_reg[2][1]_C/C is not reached by a timing clock
Related violations: <none>

TIMING-17#36 Warning
Non-clocked sequential cell  
The clock pin design_1_i/single_cycle_cpu_0/inst__0/reg_file0/mem_r_reg[2][1]_P/C is not reached by a timing clock
Related violations: <none>

TIMING-17#37 Warning
Non-clocked sequential cell  
The clock pin design_1_i/single_cycle_cpu_0/inst__0/reg_file0/mem_r_reg[3][0]_C/C is not reached by a timing clock
Related violations: <none>

TIMING-17#38 Warning
Non-clocked sequential cell  
The clock pin design_1_i/single_cycle_cpu_0/inst__0/reg_file0/mem_r_reg[3][0]_P/C is not reached by a timing clock
Related violations: <none>

TIMING-17#39 Warning
Non-clocked sequential cell  
The clock pin design_1_i/single_cycle_cpu_0/inst__0/reg_file0/mem_r_reg[3][10]_C/C is not reached by a timing clock
Related violations: <none>

TIMING-17#40 Warning
Non-clocked sequential cell  
The clock pin design_1_i/single_cycle_cpu_0/inst__0/reg_file0/mem_r_reg[3][10]_P/C is not reached by a timing clock
Related violations: <none>

TIMING-17#41 Warning
Non-clocked sequential cell  
The clock pin design_1_i/single_cycle_cpu_0/inst__0/reg_file0/mem_r_reg[3][11]_C/C is not reached by a timing clock
Related violations: <none>

TIMING-17#42 Warning
Non-clocked sequential cell  
The clock pin design_1_i/single_cycle_cpu_0/inst__0/reg_file0/mem_r_reg[3][11]_P/C is not reached by a timing clock
Related violations: <none>

TIMING-17#43 Warning
Non-clocked sequential cell  
The clock pin design_1_i/single_cycle_cpu_0/inst__0/reg_file0/mem_r_reg[3][12]_C/C is not reached by a timing clock
Related violations: <none>

TIMING-17#44 Warning
Non-clocked sequential cell  
The clock pin design_1_i/single_cycle_cpu_0/inst__0/reg_file0/mem_r_reg[3][12]_P/C is not reached by a timing clock
Related violations: <none>

TIMING-17#45 Warning
Non-clocked sequential cell  
The clock pin design_1_i/single_cycle_cpu_0/inst__0/reg_file0/mem_r_reg[3][13]_C/C is not reached by a timing clock
Related violations: <none>

TIMING-17#46 Warning
Non-clocked sequential cell  
The clock pin design_1_i/single_cycle_cpu_0/inst__0/reg_file0/mem_r_reg[3][13]_P/C is not reached by a timing clock
Related violations: <none>

TIMING-17#47 Warning
Non-clocked sequential cell  
The clock pin design_1_i/single_cycle_cpu_0/inst__0/reg_file0/mem_r_reg[3][14]_C/C is not reached by a timing clock
Related violations: <none>

TIMING-17#48 Warning
Non-clocked sequential cell  
The clock pin design_1_i/single_cycle_cpu_0/inst__0/reg_file0/mem_r_reg[3][14]_P/C is not reached by a timing clock
Related violations: <none>

TIMING-17#49 Warning
Non-clocked sequential cell  
The clock pin design_1_i/single_cycle_cpu_0/inst__0/reg_file0/mem_r_reg[3][15]_C/C is not reached by a timing clock
Related violations: <none>

TIMING-17#50 Warning
Non-clocked sequential cell  
The clock pin design_1_i/single_cycle_cpu_0/inst__0/reg_file0/mem_r_reg[3][15]_P/C is not reached by a timing clock
Related violations: <none>

TIMING-17#51 Warning
Non-clocked sequential cell  
The clock pin design_1_i/single_cycle_cpu_0/inst__0/reg_file0/mem_r_reg[3][16]_C/C is not reached by a timing clock
Related violations: <none>

TIMING-17#52 Warning
Non-clocked sequential cell  
The clock pin design_1_i/single_cycle_cpu_0/inst__0/reg_file0/mem_r_reg[3][16]_P/C is not reached by a timing clock
Related violations: <none>

TIMING-17#53 Warning
Non-clocked sequential cell  
The clock pin design_1_i/single_cycle_cpu_0/inst__0/reg_file0/mem_r_reg[3][17]_C/C is not reached by a timing clock
Related violations: <none>

TIMING-17#54 Warning
Non-clocked sequential cell  
The clock pin design_1_i/single_cycle_cpu_0/inst__0/reg_file0/mem_r_reg[3][17]_P/C is not reached by a timing clock
Related violations: <none>

TIMING-17#55 Warning
Non-clocked sequential cell  
The clock pin design_1_i/single_cycle_cpu_0/inst__0/reg_file0/mem_r_reg[3][18]_C/C is not reached by a timing clock
Related violations: <none>

TIMING-17#56 Warning
Non-clocked sequential cell  
The clock pin design_1_i/single_cycle_cpu_0/inst__0/reg_file0/mem_r_reg[3][18]_P/C is not reached by a timing clock
Related violations: <none>

TIMING-17#57 Warning
Non-clocked sequential cell  
The clock pin design_1_i/single_cycle_cpu_0/inst__0/reg_file0/mem_r_reg[3][19]_C/C is not reached by a timing clock
Related violations: <none>

TIMING-17#58 Warning
Non-clocked sequential cell  
The clock pin design_1_i/single_cycle_cpu_0/inst__0/reg_file0/mem_r_reg[3][19]_P/C is not reached by a timing clock
Related violations: <none>

TIMING-17#59 Warning
Non-clocked sequential cell  
The clock pin design_1_i/single_cycle_cpu_0/inst__0/reg_file0/mem_r_reg[3][1]_C/C is not reached by a timing clock
Related violations: <none>

TIMING-17#60 Warning
Non-clocked sequential cell  
The clock pin design_1_i/single_cycle_cpu_0/inst__0/reg_file0/mem_r_reg[3][1]_P/C is not reached by a timing clock
Related violations: <none>

TIMING-17#61 Warning
Non-clocked sequential cell  
The clock pin design_1_i/single_cycle_cpu_0/inst__0/reg_file0/mem_r_reg[3][20]_C/C is not reached by a timing clock
Related violations: <none>

TIMING-17#62 Warning
Non-clocked sequential cell  
The clock pin design_1_i/single_cycle_cpu_0/inst__0/reg_file0/mem_r_reg[3][20]_P/C is not reached by a timing clock
Related violations: <none>

TIMING-17#63 Warning
Non-clocked sequential cell  
The clock pin design_1_i/single_cycle_cpu_0/inst__0/reg_file0/mem_r_reg[3][21]_C/C is not reached by a timing clock
Related violations: <none>

TIMING-17#64 Warning
Non-clocked sequential cell  
The clock pin design_1_i/single_cycle_cpu_0/inst__0/reg_file0/mem_r_reg[3][21]_P/C is not reached by a timing clock
Related violations: <none>

TIMING-17#65 Warning
Non-clocked sequential cell  
The clock pin design_1_i/single_cycle_cpu_0/inst__0/reg_file0/mem_r_reg[3][22]_C/C is not reached by a timing clock
Related violations: <none>

TIMING-17#66 Warning
Non-clocked sequential cell  
The clock pin design_1_i/single_cycle_cpu_0/inst__0/reg_file0/mem_r_reg[3][22]_P/C is not reached by a timing clock
Related violations: <none>

TIMING-17#67 Warning
Non-clocked sequential cell  
The clock pin design_1_i/single_cycle_cpu_0/inst__0/reg_file0/mem_r_reg[3][23]_C/C is not reached by a timing clock
Related violations: <none>

TIMING-17#68 Warning
Non-clocked sequential cell  
The clock pin design_1_i/single_cycle_cpu_0/inst__0/reg_file0/mem_r_reg[3][23]_P/C is not reached by a timing clock
Related violations: <none>

TIMING-17#69 Warning
Non-clocked sequential cell  
The clock pin design_1_i/single_cycle_cpu_0/inst__0/reg_file0/mem_r_reg[3][24]_C/C is not reached by a timing clock
Related violations: <none>

TIMING-17#70 Warning
Non-clocked sequential cell  
The clock pin design_1_i/single_cycle_cpu_0/inst__0/reg_file0/mem_r_reg[3][24]_P/C is not reached by a timing clock
Related violations: <none>

TIMING-17#71 Warning
Non-clocked sequential cell  
The clock pin design_1_i/single_cycle_cpu_0/inst__0/reg_file0/mem_r_reg[3][25]_C/C is not reached by a timing clock
Related violations: <none>

TIMING-17#72 Warning
Non-clocked sequential cell  
The clock pin design_1_i/single_cycle_cpu_0/inst__0/reg_file0/mem_r_reg[3][25]_P/C is not reached by a timing clock
Related violations: <none>

TIMING-17#73 Warning
Non-clocked sequential cell  
The clock pin design_1_i/single_cycle_cpu_0/inst__0/reg_file0/mem_r_reg[3][26]_C/C is not reached by a timing clock
Related violations: <none>

TIMING-17#74 Warning
Non-clocked sequential cell  
The clock pin design_1_i/single_cycle_cpu_0/inst__0/reg_file0/mem_r_reg[3][26]_P/C is not reached by a timing clock
Related violations: <none>

TIMING-17#75 Warning
Non-clocked sequential cell  
The clock pin design_1_i/single_cycle_cpu_0/inst__0/reg_file0/mem_r_reg[3][27]_C/C is not reached by a timing clock
Related violations: <none>

TIMING-17#76 Warning
Non-clocked sequential cell  
The clock pin design_1_i/single_cycle_cpu_0/inst__0/reg_file0/mem_r_reg[3][27]_P/C is not reached by a timing clock
Related violations: <none>

TIMING-17#77 Warning
Non-clocked sequential cell  
The clock pin design_1_i/single_cycle_cpu_0/inst__0/reg_file0/mem_r_reg[3][28]_C/C is not reached by a timing clock
Related violations: <none>

TIMING-17#78 Warning
Non-clocked sequential cell  
The clock pin design_1_i/single_cycle_cpu_0/inst__0/reg_file0/mem_r_reg[3][28]_P/C is not reached by a timing clock
Related violations: <none>

TIMING-17#79 Warning
Non-clocked sequential cell  
The clock pin design_1_i/single_cycle_cpu_0/inst__0/reg_file0/mem_r_reg[3][29]_C/C is not reached by a timing clock
Related violations: <none>

TIMING-17#80 Warning
Non-clocked sequential cell  
The clock pin design_1_i/single_cycle_cpu_0/inst__0/reg_file0/mem_r_reg[3][29]_P/C is not reached by a timing clock
Related violations: <none>

TIMING-17#81 Warning
Non-clocked sequential cell  
The clock pin design_1_i/single_cycle_cpu_0/inst__0/reg_file0/mem_r_reg[3][2]_C/C is not reached by a timing clock
Related violations: <none>

TIMING-17#82 Warning
Non-clocked sequential cell  
The clock pin design_1_i/single_cycle_cpu_0/inst__0/reg_file0/mem_r_reg[3][2]_P/C is not reached by a timing clock
Related violations: <none>

TIMING-17#83 Warning
Non-clocked sequential cell  
The clock pin design_1_i/single_cycle_cpu_0/inst__0/reg_file0/mem_r_reg[3][30]_C/C is not reached by a timing clock
Related violations: <none>

TIMING-17#84 Warning
Non-clocked sequential cell  
The clock pin design_1_i/single_cycle_cpu_0/inst__0/reg_file0/mem_r_reg[3][30]_P/C is not reached by a timing clock
Related violations: <none>

TIMING-17#85 Warning
Non-clocked sequential cell  
The clock pin design_1_i/single_cycle_cpu_0/inst__0/reg_file0/mem_r_reg[3][31]_C/C is not reached by a timing clock
Related violations: <none>

TIMING-17#86 Warning
Non-clocked sequential cell  
The clock pin design_1_i/single_cycle_cpu_0/inst__0/reg_file0/mem_r_reg[3][31]_P/C is not reached by a timing clock
Related violations: <none>

TIMING-17#87 Warning
Non-clocked sequential cell  
The clock pin design_1_i/single_cycle_cpu_0/inst__0/reg_file0/mem_r_reg[3][3]_C/C is not reached by a timing clock
Related violations: <none>

TIMING-17#88 Warning
Non-clocked sequential cell  
The clock pin design_1_i/single_cycle_cpu_0/inst__0/reg_file0/mem_r_reg[3][3]_P/C is not reached by a timing clock
Related violations: <none>

TIMING-17#89 Warning
Non-clocked sequential cell  
The clock pin design_1_i/single_cycle_cpu_0/inst__0/reg_file0/mem_r_reg[3][4]_C/C is not reached by a timing clock
Related violations: <none>

TIMING-17#90 Warning
Non-clocked sequential cell  
The clock pin design_1_i/single_cycle_cpu_0/inst__0/reg_file0/mem_r_reg[3][4]_P/C is not reached by a timing clock
Related violations: <none>

TIMING-17#91 Warning
Non-clocked sequential cell  
The clock pin design_1_i/single_cycle_cpu_0/inst__0/reg_file0/mem_r_reg[3][5]_C/C is not reached by a timing clock
Related violations: <none>

TIMING-17#92 Warning
Non-clocked sequential cell  
The clock pin design_1_i/single_cycle_cpu_0/inst__0/reg_file0/mem_r_reg[3][5]_P/C is not reached by a timing clock
Related violations: <none>

TIMING-17#93 Warning
Non-clocked sequential cell  
The clock pin design_1_i/single_cycle_cpu_0/inst__0/reg_file0/mem_r_reg[3][6]_C/C is not reached by a timing clock
Related violations: <none>

TIMING-17#94 Warning
Non-clocked sequential cell  
The clock pin design_1_i/single_cycle_cpu_0/inst__0/reg_file0/mem_r_reg[3][6]_P/C is not reached by a timing clock
Related violations: <none>

TIMING-17#95 Warning
Non-clocked sequential cell  
The clock pin design_1_i/single_cycle_cpu_0/inst__0/reg_file0/mem_r_reg[3][7]_C/C is not reached by a timing clock
Related violations: <none>

TIMING-17#96 Warning
Non-clocked sequential cell  
The clock pin design_1_i/single_cycle_cpu_0/inst__0/reg_file0/mem_r_reg[3][7]_P/C is not reached by a timing clock
Related violations: <none>

TIMING-17#97 Warning
Non-clocked sequential cell  
The clock pin design_1_i/single_cycle_cpu_0/inst__0/reg_file0/mem_r_reg[3][8]_C/C is not reached by a timing clock
Related violations: <none>

TIMING-17#98 Warning
Non-clocked sequential cell  
The clock pin design_1_i/single_cycle_cpu_0/inst__0/reg_file0/mem_r_reg[3][8]_P/C is not reached by a timing clock
Related violations: <none>

TIMING-17#99 Warning
Non-clocked sequential cell  
The clock pin design_1_i/single_cycle_cpu_0/inst__0/reg_file0/mem_r_reg[3][9]_C/C is not reached by a timing clock
Related violations: <none>

TIMING-17#100 Warning
Non-clocked sequential cell  
The clock pin design_1_i/single_cycle_cpu_0/inst__0/reg_file0/mem_r_reg[3][9]_P/C is not reached by a timing clock
Related violations: <none>

TIMING-20#1 Warning
Non-clocked latch  
The latch design_1_i/single_cycle_cpu_0/inst__0/id0/alu_bsrc_o_reg[1] cannot be properly analyzed as its control pin design_1_i/single_cycle_cpu_0/inst__0/id0/alu_bsrc_o_reg[1]/G is not reached by a timing clock
Related violations: <none>

TIMING-20#2 Warning
Non-clocked latch  
The latch design_1_i/single_cycle_cpu_0/inst__0/id0/alu_ctr_o_reg[1] cannot be properly analyzed as its control pin design_1_i/single_cycle_cpu_0/inst__0/id0/alu_ctr_o_reg[1]/G is not reached by a timing clock
Related violations: <none>

TIMING-20#3 Warning
Non-clocked latch  
The latch design_1_i/single_cycle_cpu_0/inst__0/id0/alu_ctr_o_reg[2] cannot be properly analyzed as its control pin design_1_i/single_cycle_cpu_0/inst__0/id0/alu_ctr_o_reg[2]/G is not reached by a timing clock
Related violations: <none>

TIMING-20#4 Warning
Non-clocked latch  
The latch design_1_i/single_cycle_cpu_0/inst__0/id0/alu_ctr_o_reg[3] cannot be properly analyzed as its control pin design_1_i/single_cycle_cpu_0/inst__0/id0/alu_ctr_o_reg[3]/G is not reached by a timing clock
Related violations: <none>

TIMING-20#5 Warning
Non-clocked latch  
The latch design_1_i/single_cycle_cpu_0/inst__0/id0/alu_ctr_o_reg[4] cannot be properly analyzed as its control pin design_1_i/single_cycle_cpu_0/inst__0/id0/alu_ctr_o_reg[4]/G is not reached by a timing clock
Related violations: <none>

TIMING-20#6 Warning
Non-clocked latch  
The latch design_1_i/single_cycle_cpu_0/inst__0/id0/reg_wr_o_reg cannot be properly analyzed as its control pin design_1_i/single_cycle_cpu_0/inst__0/id0/reg_wr_o_reg/G is not reached by a timing clock
Related violations: <none>


