#-----------------------------------------------------------
# Vivado v2017.4 (64-bit)
# SW Build 2086221 on Fri Dec 15 20:55:39 MST 2017
# IP Build 2085800 on Fri Dec 15 22:25:07 MST 2017
# Start of session at: Wed Dec 18 21:13:22 2019
# Process ID: 15528
# Current directory: D:/Vivado/Xilinx/single-cycle-CPU
# Command line: vivado.exe -gui_launcher_event rodinguilauncherevent18468 D:\Vivado\Xilinx\single-cycle-CPU\single-cycle-CPU.xpr
# Log file: D:/Vivado/Xilinx/single-cycle-CPU/vivado.log
# Journal file: D:/Vivado/Xilinx/single-cycle-CPU\vivado.jou
#-----------------------------------------------------------
start_gui
open_project D:/Vivado/Xilinx/single-cycle-CPU/single-cycle-CPU.xpr
Scanning sources...
Finished scanning sources
INFO: [IP_Flow 19-234] Refreshing IP repositories
INFO: [IP_Flow 19-1704] No user IP repositories specified
INFO: [IP_Flow 19-2313] Loaded Vivado IP repository 'D:/Xilinx/Vivado/2017.4/data/ip'.
open_project: Time (s): cpu = 00:00:27 ; elapsed = 00:00:13 . Memory (MB): peak = 846.660 ; gain = 125.652
update_compile_order -fileset sources_1
set_property top test_cup_top [get_filesets sim_1]
set_property top_lib xil_defaultlib [get_filesets sim_1]
update_compile_order -fileset sim_1
launch_simulation
INFO: [Vivado 12-5682] Launching behavioral simulation in 'D:/Vivado/Xilinx/single-cycle-CPU/single-cycle-CPU.sim/sim_1/behav/xsim'
INFO: [SIM-utils-51] Simulation object is 'sim_1'
INFO: [SIM-utils-54] Inspecting design source files for 'test_cup_top' in fileset 'sim_1'...
INFO: [USF-XSim-97] Finding global include files...
INFO: [USF-XSim-98] Fetching design files from 'sim_1'...
INFO: [USF-XSim-2] XSim::Compile design
INFO: [USF-XSim-61] Executing 'COMPILE and ANALYZE' step in 'D:/Vivado/Xilinx/single-cycle-CPU/single-cycle-CPU.sim/sim_1/behav/xsim'
"xvlog --incr --relax -prj test_cup_top_vlog.prj"
INFO: [VRFC 10-2263] Analyzing Verilog file "D:/Vivado/Xilinx/single-cycle-CPU/single-cycle-CPU.srcs/sources_1/new/alu.v" into library xil_defaultlib
INFO: [VRFC 10-311] analyzing module alu
INFO: [VRFC 10-2263] Analyzing Verilog file "D:/Vivado/Xilinx/single-cycle-CPU/single-cycle-CPU.srcs/sources_1/new/alu_ctr.v" into library xil_defaultlib
INFO: [VRFC 10-311] analyzing module alu_ctr
INFO: [VRFC 10-2263] Analyzing Verilog file "D:/Vivado/Xilinx/single-cycle-CPU/single-cycle-CPU.srcs/sources_1/new/alu_top.v" into library xil_defaultlib
INFO: [VRFC 10-311] analyzing module alu_top
INFO: [VRFC 10-2263] Analyzing Verilog file "D:/Vivado/Xilinx/single-cycle-CPU/single-cycle-CPU.srcs/sources_1/new/data_mem.v" into library xil_defaultlib
INFO: [VRFC 10-311] analyzing module data_mem
INFO: [VRFC 10-2263] Analyzing Verilog file "D:/Vivado/Xilinx/single-cycle-CPU/single-cycle-CPU.srcs/sources_1/new/id.v" into library xil_defaultlib
INFO: [VRFC 10-311] analyzing module id
INFO: [VRFC 10-2263] Analyzing Verilog file "D:/Vivado/Xilinx/single-cycle-CPU/single-cycle-CPU.srcs/sources_1/new/ie.v" into library xil_defaultlib
INFO: [VRFC 10-311] analyzing module ie
INFO: [VRFC 10-2263] Analyzing Verilog file "D:/Vivado/Xilinx/single-cycle-CPU/single-cycle-CPU.srcs/sources_1/new/inst_rom.v" into library xil_defaultlib
INFO: [VRFC 10-311] analyzing module inst_rom
INFO: [VRFC 10-2263] Analyzing Verilog file "D:/Vivado/Xilinx/single-cycle-CPU/single-cycle-CPU.srcs/sources_1/new/mux_PcOrBusA.v" into library xil_defaultlib
INFO: [VRFC 10-311] analyzing module mux_PcOrBusA
INFO: [VRFC 10-2263] Analyzing Verilog file "D:/Vivado/Xilinx/single-cycle-CPU/single-cycle-CPU.srcs/sources_1/new/mux_alu_asrc.v" into library xil_defaultlib
INFO: [VRFC 10-311] analyzing module mux_alu_asrc
INFO: [VRFC 10-2263] Analyzing Verilog file "D:/Vivado/Xilinx/single-cycle-CPU/single-cycle-CPU.srcs/sources_1/new/mux_alu_bsrc.v" into library xil_defaultlib
INFO: [VRFC 10-311] analyzing module mux_alu_bsrc
INFO: [VRFC 10-2263] Analyzing Verilog file "D:/Vivado/Xilinx/single-cycle-CPU/single-cycle-CPU.srcs/sources_1/new/mux_memto_reg.v" into library xil_defaultlib
INFO: [VRFC 10-311] analyzing module mux_memto_reg
INFO: [VRFC 10-2263] Analyzing Verilog file "D:/Vivado/Xilinx/single-cycle-CPU/single-cycle-CPU.srcs/sources_1/new/mux_store.v" into library xil_defaultlib
INFO: [VRFC 10-311] analyzing module mux_store
INFO: [VRFC 10-2263] Analyzing Verilog file "D:/Vivado/Xilinx/single-cycle-CPU/single-cycle-CPU.srcs/sources_1/new/next_pc.v" into library xil_defaultlib
INFO: [VRFC 10-311] analyzing module next_pc
INFO: [VRFC 10-2263] Analyzing Verilog file "D:/Vivado/Xilinx/single-cycle-CPU/single-cycle-CPU.srcs/sources_1/new/pc_reg.v" into library xil_defaultlib
INFO: [VRFC 10-311] analyzing module pc_reg
INFO: [VRFC 10-2263] Analyzing Verilog file "D:/Vivado/Xilinx/single-cycle-CPU/single-cycle-CPU.srcs/sources_1/new/reg_file.v" into library xil_defaultlib
INFO: [VRFC 10-311] analyzing module reg_file
INFO: [VRFC 10-2263] Analyzing Verilog file "D:/Vivado/Xilinx/single-cycle-CPU/single-cycle-CPU.srcs/sim_1/new/test_cpu_top.v" into library xil_defaultlib
INFO: [VRFC 10-311] analyzing module test_cup_top
INFO: [VRFC 10-2263] Analyzing Verilog file "D:/Vivado/Xilinx/single-cycle-CPU/single-cycle-CPU.sim/sim_1/behav/xsim/glbl.v" into library xil_defaultlib
INFO: [VRFC 10-311] analyzing module glbl
INFO: [USF-XSim-69] 'compile' step finished in '4' seconds
INFO: [USF-XSim-3] XSim::Elaborate design
INFO: [USF-XSim-61] Executing 'ELABORATE' step in 'D:/Vivado/Xilinx/single-cycle-CPU/single-cycle-CPU.sim/sim_1/behav/xsim'
Vivado Simulator 2017.4
Copyright 1986-1999, 2001-2016 Xilinx, Inc. All Rights Reserved.
Running: D:/Xilinx/Vivado/2017.4/bin/unwrapped/win64.o/xelab.exe -wto f1f2738cdbc5481687cebe2b8e748b7d --incr --debug typical --relax --mt 2 -L xil_defaultlib -L unisims_ver -L unimacro_ver -L secureip --snapshot test_cup_top_behav xil_defaultlib.test_cup_top xil_defaultlib.glbl -log elaborate.log 
Using 2 slave threads.
Starting static elaboration
Completed static elaboration
Starting simulation data flow analysis
Completed simulation data flow analysis
Time Resolution for simulation is 1ps
Compiling module xil_defaultlib.reg_file
Compiling module xil_defaultlib.alu_ctr
Compiling module xil_defaultlib.alu
Compiling module xil_defaultlib.alu_top
Compiling module xil_defaultlib.ie
Compiling module xil_defaultlib.next_pc
Compiling module xil_defaultlib.inst_rom
Compiling module xil_defaultlib.pc_reg
Compiling module xil_defaultlib.mux_alu_bsrc
Compiling module xil_defaultlib.mux_alu_asrc
Compiling module xil_defaultlib.data_mem
Compiling module xil_defaultlib.id
Compiling module xil_defaultlib.mux_store
Compiling module xil_defaultlib.mux_memto_reg
Compiling module xil_defaultlib.mux_PcOrBusA
Compiling module xil_defaultlib.test_cup_top
Compiling module xil_defaultlib.glbl
Built simulation snapshot test_cup_top_behav

****** Webtalk v2017.4 (64-bit)
  **** SW Build 2086221 on Fri Dec 15 20:55:39 MST 2017
  **** IP Build 2085800 on Fri Dec 15 22:25:07 MST 2017
    ** Copyright 1986-2017 Xilinx, Inc. All Rights Reserved.

source D:/Vivado/Xilinx/single-cycle-CPU/single-cycle-CPU.sim/sim_1/behav/xsim/xsim.dir/test_cup_top_behav/webtalk/xsim_webtalk.tcl -notrace
INFO: [Common 17-186] 'D:/Vivado/Xilinx/single-cycle-CPU/single-cycle-CPU.sim/sim_1/behav/xsim/xsim.dir/test_cup_top_behav/webtalk/usage_statistics_ext_xsim.xml' has been successfully sent to Xilinx on Wed Dec 18 21:19:40 2019. For additional details about this file, please refer to the WebTalk help file at D:/Xilinx/Vivado/2017.4/doc/webtalk_introduction.html.
webtalk_transmit: Time (s): cpu = 00:00:00 ; elapsed = 00:00:05 . Memory (MB): peak = 51.258 ; gain = 0.879
INFO: [Common 17-206] Exiting Webtalk at Wed Dec 18 21:19:40 2019...
run_program: Time (s): cpu = 00:00:01 ; elapsed = 00:00:15 . Memory (MB): peak = 859.203 ; gain = 0.000
INFO: [USF-XSim-69] 'elaborate' step finished in '15' seconds
INFO: [USF-XSim-4] XSim::Simulate design
INFO: [USF-XSim-61] Executing 'SIMULATE' step in 'D:/Vivado/Xilinx/single-cycle-CPU/single-cycle-CPU.sim/sim_1/behav/xsim'
INFO: [USF-XSim-98] *** Running xsim
   with args "test_cup_top_behav -key {Behavioral:sim_1:Functional:test_cup_top} -tclbatch {test_cup_top.tcl} -log {simulate.log}"
INFO: [USF-XSim-8] Loading simulator feature
Vivado Simulator 2017.4
Time resolution is 1 ps
source test_cup_top.tcl
# set curr_wave [current_wave_config]
# if { [string length $curr_wave] == 0 } {
#   if { [llength [get_objects]] > 0} {
#     add_wave /
#     set_property needs_save false [current_wave_config]
#   } else {
#      send_msg_id Add_Wave-1 WARNING "No top level signals found. Simulator will start without a wave window. If you want to open a wave window go to 'File->New Waveform Configuration' or type 'create_wave_config' in the TCL console."
#   }
# }
# run 2000ns
xsim: Time (s): cpu = 00:00:11 ; elapsed = 00:00:10 . Memory (MB): peak = 885.914 ; gain = 26.711
INFO: [USF-XSim-96] XSim completed. Design snapshot 'test_cup_top_behav' loaded.
INFO: [USF-XSim-97] XSim simulation ran for 2000ns
launch_simulation: Time (s): cpu = 00:00:14 ; elapsed = 00:00:30 . Memory (MB): peak = 885.914 ; gain = 26.711
close_sim
INFO: [Simtcl 6-16] Simulation closed
close_sim: Time (s): cpu = 00:00:03 ; elapsed = 00:00:12 . Memory (MB): peak = 888.895 ; gain = 2.098
